
------------------------
2022.07.01 13:07:18
 INCOMING LEAD
Array
(
    [id] => 1
)

------------------------

------------------------
2022.07.01 13:14:16
 INCOMING LEAD
Array
(
    [id] => 1
)

------------------------

------------------------
2022.07.01 13:14:49
 INCOMING LEAD
Array
(
    [id] => 1
)

------------------------

------------------------
2022.07.01 13:22:03
 INCOMING LEAD
Array
(
    [id] => 1
)

------------------------

------------------------
2022.07.01 13:22:25
 INCOMING LEAD
Array
(
    [id] => 1
)

------------------------

------------------------
2022.07.01 13:23:37
 INCOMING LEAD
Array
(
    [id] => 47999
)

------------------------

------------------------
2022.07.01 13:23:43
 INCOMING LEAD
Array
(
    [id] => 47999
)

------------------------

------------------------
2022.07.01 13:28:09
 INCOMING LEAD
Array
(
    [id] => 47999
)

------------------------

------------------------
2022.07.01 13:29:21
 INCOMING LEAD
Array
(
    [id] => 47999
)

------------------------

------------------------
2022.07.01 13:29:59
 INCOMING LEAD
Array
(
    [id] => 22986
)

------------------------

------------------------
2022.07.01 13:30:10
 INCOMING LEAD
Array
(
    [id] => 47999
)

------------------------

------------------------
2022.07.01 13:31:18
 INCOMING LEAD
Array
(
    [id] => 47999
)

------------------------

------------------------
2022.07.01 13:38:57
 INCOMING LEAD
Array
(
    [id] => 47999
)

------------------------

------------------------
2022.07.01 13:40:37
 INCOMING LEAD
Array
(
    [id] => 47999
)

------------------------

------------------------
2022.07.01 13:42:10
 INCOMING LEAD
Array
(
    [id] => 47999
)

------------------------

------------------------
2022.07.01 13:44:31
 INCOMING LEAD
Array
(
    [id] => 47999
)

------------------------

------------------------
2022.07.01 13:44:42
 INCOMING LEAD
Array
(
    [id] => 47999
)

------------------------

------------------------
2022.07.01 13:45:44
 INCOMING LEAD
Array
(
    [id] => 47999
)

------------------------

------------------------
2022.07.01 13:46:00
 INCOMING LEAD
Array
(
    [id] => 47999
)

------------------------

------------------------
2022.07.01 13:49:56
 INCOMING LEAD
Array
(
    [id] => 47999
)

------------------------

------------------------
2022.07.01 13:50:19
 INCOMING LEAD
Array
(
    [id] => 47999
)

------------------------
